<?xml version="1.0" encoding="UTF-8"?>
<!-- Generated by org.testng.reporters.JUnitXMLReporter -->
<testsuite hostname="Alenas-MacBook.local" ignored="0" name="Surefire test" tests="80" failures="4" timestamp="2020-04-30T03:55:17 PDT" time="1.043" errors="0">
  <testcase name="cvv" time="0.143" classname="core.CreditCardValidationTest"/>
  <testcase name="cvv" time="0.004" classname="core.CreditCardValidationTest"/>
  <testcase name="cvv" time="0.004" classname="core.CreditCardValidationTest"/>
  <testcase name="cvv" time="0.003" classname="core.CreditCardValidationTest"/>
  <testcase name="cvv" time="0.004" classname="core.CreditCardValidationTest"/>
  <testcase name="cvv" time="0.004" classname="core.CreditCardValidationTest"/>
  <testcase name="cvv" time="0.003" classname="core.CreditCardValidationTest"/>
  <testcase name="cvv" time="0.003" classname="core.CreditCardValidationTest"/>
  <testcase name="cvv" time="0.003" classname="core.CreditCardValidationTest"/>
  <testcase name="cvv" time="0.003" classname="core.CreditCardValidationTest"/>
  <testcase name="cvv" time="0.006" classname="core.CreditCardValidationTest"/>
  <testcase name="cvv" time="0.002" classname="core.CreditCardValidationTest"/>
  <testcase name="cvv" time="0.002" classname="core.CreditCardValidationTest"/>
  <testcase name="cvv" time="0.003" classname="core.CreditCardValidationTest"/>
  <testcase name="cvv" time="0.003" classname="core.CreditCardValidationTest"/>
  <testcase name="cvv" time="0.004" classname="core.CreditCardValidationTest"/>
  <testcase name="cvv" time="0.005" classname="core.CreditCardValidationTest"/>
  <testcase name="cvv" time="0.003" classname="core.CreditCardValidationTest"/>
  <testcase name="cvv" time="0.003" classname="core.CreditCardValidationTest"/>
  <testcase name="cvv" time="0.003" classname="core.CreditCardValidationTest"/>
  <testcase name="exp" time="0.003" classname="core.CreditCardValidationTest"/>
  <testcase name="exp" time="0.002" classname="core.CreditCardValidationTest"/>
  <testcase name="exp" time="0.003" classname="core.CreditCardValidationTest"/>
  <testcase name="exp" time="0.004" classname="core.CreditCardValidationTest"/>
  <testcase name="exp" time="0.003" classname="core.CreditCardValidationTest"/>
  <testcase name="exp" time="0.002" classname="core.CreditCardValidationTest"/>
  <testcase name="exp" time="0.003" classname="core.CreditCardValidationTest"/>
  <testcase name="exp" time="0.002" classname="core.CreditCardValidationTest"/>
  <testcase name="exp" time="0.004" classname="core.CreditCardValidationTest"/>
  <testcase name="exp" time="0.004" classname="core.CreditCardValidationTest"/>
  <testcase name="exp" time="0.002" classname="core.CreditCardValidationTest"/>
  <testcase name="exp" time="0.003" classname="core.CreditCardValidationTest"/>
  <testcase name="exp" time="0.003" classname="core.CreditCardValidationTest"/>
  <testcase name="exp" time="0.002" classname="core.CreditCardValidationTest"/>
  <testcase name="exp" time="0.002" classname="core.CreditCardValidationTest"/>
  <testcase name="exp" time="0.003" classname="core.CreditCardValidationTest"/>
  <testcase name="exp" time="0.003" classname="core.CreditCardValidationTest"/>
  <testcase name="exp" time="0.002" classname="core.CreditCardValidationTest"/>
  <testcase name="exp" time="0.003" classname="core.CreditCardValidationTest"/>
  <testcase name="exp" time="0.002" classname="core.CreditCardValidationTest"/>
  <testcase name="luhn" time="0.002" classname="core.CreditCardValidationTest"/>
  <testcase name="luhn" time="0.003" classname="core.CreditCardValidationTest"/>
  <testcase name="luhn" time="0.003" classname="core.CreditCardValidationTest"/>
  <testcase name="luhn" time="0.002" classname="core.CreditCardValidationTest"/>
  <testcase name="luhn" time="0.005" classname="core.CreditCardValidationTest">
    <failure type="java.lang.AssertionError" message="
Expected: Luhn of: 5584-3989-2997-3080, should be valid
     but: was &amp;lt;true&amp;gt;">
      <![CDATA[java.lang.AssertionError: 
Expected: Luhn of: 5584-3989-2997-3080, should be valid
     but: was <true>
at org.hamcrest.MatcherAssert.assertThat(MatcherAssert.java:18)
at org.hamcrest.MatcherAssert.assertThat(MatcherAssert.java:6)
at core.CreditCardValidationTest.luhn(CreditCardValidationTest.java:48)
at java.util.ArrayList.forEach(ArrayList.java:1257)
... Removed 32 stack frames]]>
    </failure>
  </testcase> <!-- luhn -->
  <testcase name="luhn" time="0.004" classname="core.CreditCardValidationTest"/>
  <testcase name="luhn" time="0.004" classname="core.CreditCardValidationTest"/>
  <testcase name="luhn" time="0.002" classname="core.CreditCardValidationTest"/>
  <testcase name="luhn" time="0.002" classname="core.CreditCardValidationTest"/>
  <testcase name="luhn" time="0.003" classname="core.CreditCardValidationTest">
    <failure type="java.lang.AssertionError" message="
Expected: Luhn of: 5584-3989-2997-3080, should be valid
     but: was &amp;lt;true&amp;gt;">
      <![CDATA[java.lang.AssertionError: 
Expected: Luhn of: 5584-3989-2997-3080, should be valid
     but: was <true>
at org.hamcrest.MatcherAssert.assertThat(MatcherAssert.java:18)
at org.hamcrest.MatcherAssert.assertThat(MatcherAssert.java:6)
at core.CreditCardValidationTest.luhn(CreditCardValidationTest.java:48)
at java.util.ArrayList.forEach(ArrayList.java:1257)
... Removed 32 stack frames]]>
    </failure>
  </testcase> <!-- luhn -->
  <testcase name="luhn" time="0.002" classname="core.CreditCardValidationTest"/>
  <testcase name="luhn" time="0.002" classname="core.CreditCardValidationTest"/>
  <testcase name="luhn" time="0.002" classname="core.CreditCardValidationTest"/>
  <testcase name="luhn" time="0.002" classname="core.CreditCardValidationTest"/>
  <testcase name="luhn" time="0.002" classname="core.CreditCardValidationTest">
    <failure type="java.lang.AssertionError" message="
Expected: Luhn of: 5584-3989-2997-3080, should be valid
     but: was &amp;lt;true&amp;gt;">
      <![CDATA[java.lang.AssertionError: 
Expected: Luhn of: 5584-3989-2997-3080, should be valid
     but: was <true>
at org.hamcrest.MatcherAssert.assertThat(MatcherAssert.java:18)
at org.hamcrest.MatcherAssert.assertThat(MatcherAssert.java:6)
at core.CreditCardValidationTest.luhn(CreditCardValidationTest.java:48)
at java.util.ArrayList.forEach(ArrayList.java:1257)
... Removed 32 stack frames]]>
    </failure>
  </testcase> <!-- luhn -->
  <testcase name="luhn" time="0.003" classname="core.CreditCardValidationTest"/>
  <testcase name="luhn" time="0.002" classname="core.CreditCardValidationTest"/>
  <testcase name="luhn" time="0.003" classname="core.CreditCardValidationTest"/>
  <testcase name="luhn" time="0.002" classname="core.CreditCardValidationTest"/>
  <testcase name="luhn" time="0.003" classname="core.CreditCardValidationTest">
    <failure type="java.lang.AssertionError" message="
Expected: Luhn of: 5584-3989-2997-3080, should be valid
     but: was &amp;lt;true&amp;gt;">
      <![CDATA[java.lang.AssertionError: 
Expected: Luhn of: 5584-3989-2997-3080, should be valid
     but: was <true>
at org.hamcrest.MatcherAssert.assertThat(MatcherAssert.java:18)
at org.hamcrest.MatcherAssert.assertThat(MatcherAssert.java:6)
at core.CreditCardValidationTest.luhn(CreditCardValidationTest.java:48)
at java.util.ArrayList.forEach(ArrayList.java:1257)
... Removed 31 stack frames]]>
    </failure>
  </testcase> <!-- luhn -->
  <testcase name="type" time="0.002" classname="core.CreditCardValidationTest"/>
  <testcase name="type" time="0.003" classname="core.CreditCardValidationTest"/>
  <testcase name="type" time="0.003" classname="core.CreditCardValidationTest"/>
  <testcase name="type" time="0.008" classname="core.CreditCardValidationTest"/>
  <testcase name="type" time="0.003" classname="core.CreditCardValidationTest"/>
  <testcase name="type" time="0.002" classname="core.CreditCardValidationTest"/>
  <testcase name="type" time="0.002" classname="core.CreditCardValidationTest"/>
  <testcase name="type" time="0.005" classname="core.CreditCardValidationTest"/>
  <testcase name="type" time="0.003" classname="core.CreditCardValidationTest"/>
  <testcase name="type" time="0.002" classname="core.CreditCardValidationTest"/>
  <testcase name="type" time="0.002" classname="core.CreditCardValidationTest"/>
  <testcase name="type" time="0.002" classname="core.CreditCardValidationTest"/>
  <testcase name="type" time="0.005" classname="core.CreditCardValidationTest"/>
  <testcase name="type" time="0.002" classname="core.CreditCardValidationTest"/>
  <testcase name="type" time="0.002" classname="core.CreditCardValidationTest"/>
  <testcase name="type" time="0.005" classname="core.CreditCardValidationTest"/>
  <testcase name="type" time="0.002" classname="core.CreditCardValidationTest"/>
  <testcase name="type" time="0.002" classname="core.CreditCardValidationTest"/>
  <testcase name="type" time="0.002" classname="core.CreditCardValidationTest"/>
  <testcase name="type" time="0.003" classname="core.CreditCardValidationTest"/>
</testsuite> <!-- Surefire test -->
