<html>
<head>
<title>TestNG:  Surefire test</title>
<link href="../testng.css" rel="stylesheet" type="text/css" />
<link href="../my-testng.css" rel="stylesheet" type="text/css" />

<style type="text/css">
.log { display: none;} 
.stack-trace { display: none;} 
</style>
<script type="text/javascript">
<!--
function flip(e) {
  current = e.style.display;
  if (current == 'block') {
    e.style.display = 'none';
    return 0;
  }
  else {
    e.style.display = 'block';
    return 1;
  }
}

function toggleBox(szDivId, elem, msg1, msg2)
{
  var res = -1;  if (document.getElementById) {
    res = flip(document.getElementById(szDivId));
  }
  else if (document.all) {
    // this is the way old msie versions work
    res = flip(document.all[szDivId]);
  }
  if(elem) {
    if(res == 0) elem.innerHTML = msg1; else elem.innerHTML = msg2;
  }

}

function toggleAllBoxes() {
  if (document.getElementsByTagName) {
    d = document.getElementsByTagName('div');
    for (i = 0; i < d.length; i++) {
      if (d[i].className == 'log') {
        flip(d[i]);
      }
    }
  }
}

// -->
</script>

</head>
<body>
<h2 align='center'>Surefire test</h2><table border='1' align="center">
<tr>
<td>Tests passed/Failed/Skipped:</td><td>76/4/0</td>
</tr><tr>
<td>Started on:</td><td>Thu Apr 30 03:55:16 PDT 2020</td>
</tr>
<tr><td>Total time:</td><td>1 seconds (1043 ms)</td>
</tr><tr>
<td>Included groups:</td><td></td>
</tr><tr>
<td>Excluded groups:</td><td></td>
</tr>
</table><p/>
<small><i>(Hover the method name to see the test class name)</i></small><p/>
<table width='100%' border='1' class='invocation-failed'>
<tr><td colspan='4' align='center'><b>FAILED TESTS</b></td></tr>
<tr><td><b>Test method</b></td>
<td width="30%"><b>Exception</b></td>
<td width="10%"><b>Time (seconds)</b></td>
<td><b>Instance</b></td>
</tr>
<tr>
<td title='core.CreditCardValidationTest.luhn()'><b>luhn</b><br>Test class: core.CreditCardValidationTest<br>Parameters: MasterCard, 5584-3989-2997-3080, 09/23, 123</td>
<td><div><pre>java.lang.AssertionError: 
Expected: Luhn of: 5584-3989-2997-3080, should be valid
     but: was &lt;true&gt;
	at org.hamcrest.MatcherAssert.assertThat(MatcherAssert.java:18)
	at org.hamcrest.MatcherAssert.assertThat(MatcherAssert.java:6)
	at core.CreditCardValidationTest.luhn(CreditCardValidationTest.java:48)
	at java.util.ArrayList.forEach(ArrayList.java:1257)
... Removed 32 stack frames</pre></div><a href='#' onClick='toggleBox("stack-trace254955665", this, "Click to show all stack frames", "Click to hide stack frames")'>Click to show all stack frames</a>
<div class='stack-trace' id='stack-trace254955665'><pre>java.lang.AssertionError: 
Expected: Luhn of: 5584-3989-2997-3080, should be valid
     but: was &lt;true&gt;
	at org.hamcrest.MatcherAssert.assertThat(MatcherAssert.java:18)
	at org.hamcrest.MatcherAssert.assertThat(MatcherAssert.java:6)
	at core.CreditCardValidationTest.luhn(CreditCardValidationTest.java:48)
	at sun.reflect.NativeMethodAccessorImpl.invoke0(Native Method)
	at sun.reflect.NativeMethodAccessorImpl.invoke(NativeMethodAccessorImpl.java:62)
	at sun.reflect.DelegatingMethodAccessorImpl.invoke(DelegatingMethodAccessorImpl.java:43)
	at java.lang.reflect.Method.invoke(Method.java:498)
	at org.testng.internal.MethodInvocationHelper.invokeMethod(MethodInvocationHelper.java:134)
	at org.testng.internal.TestInvoker.invokeMethod(TestInvoker.java:597)
	at org.testng.internal.TestInvoker.invokeTestMethod(TestInvoker.java:173)
	at org.testng.internal.MethodRunner.runInSequence(MethodRunner.java:46)
	at org.testng.internal.TestInvoker$MethodInvocationAgent.invoke(TestInvoker.java:816)
	at org.testng.internal.TestInvoker.invokeTestMethods(TestInvoker.java:146)
	at org.testng.internal.TestMethodWorker.invokeTestMethods(TestMethodWorker.java:146)
	at org.testng.internal.TestMethodWorker.run(TestMethodWorker.java:128)
	at java.util.ArrayList.forEach(ArrayList.java:1257)
	at org.testng.TestRunner.privateRun(TestRunner.java:766)
	at org.testng.TestRunner.run(TestRunner.java:587)
	at org.testng.SuiteRunner.runTest(SuiteRunner.java:384)
	at org.testng.SuiteRunner.runSequentially(SuiteRunner.java:378)
	at org.testng.SuiteRunner.privateRun(SuiteRunner.java:337)
	at org.testng.SuiteRunner.run(SuiteRunner.java:286)
	at org.testng.SuiteRunnerWorker.runSuite(SuiteRunnerWorker.java:53)
	at org.testng.SuiteRunnerWorker.run(SuiteRunnerWorker.java:96)
	at org.testng.TestNG.runSuitesSequentially(TestNG.java:1187)
	at org.testng.TestNG.runSuitesLocally(TestNG.java:1109)
	at org.testng.TestNG.runSuites(TestNG.java:1039)
	at org.testng.TestNG.run(TestNG.java:1007)
	at org.apache.maven.surefire.testng.TestNGExecutor.run(TestNGExecutor.java:135)
	at org.apache.maven.surefire.testng.TestNGDirectoryTestSuite.executeSingleClass(TestNGDirectoryTestSuite.java:112)
	at org.apache.maven.surefire.testng.TestNGDirectoryTestSuite.execute(TestNGDirectoryTestSuite.java:99)
	at org.apache.maven.surefire.testng.TestNGProvider.invoke(TestNGProvider.java:146)
	at org.apache.maven.surefire.booter.ForkedBooter.invokeProviderInSameClassLoader(ForkedBooter.java:384)
	at org.apache.maven.surefire.booter.ForkedBooter.runSuitesInProcess(ForkedBooter.java:345)
	at org.apache.maven.surefire.booter.ForkedBooter.execute(ForkedBooter.java:126)
	at org.apache.maven.surefire.booter.ForkedBooter.main(ForkedBooter.java:418)
</pre></div></td>
<td>0</td>
<td>core.CreditCardValidationTest@25e2a451</td></tr>
<tr>
<td title='core.CreditCardValidationTest.luhn()'><b>luhn</b><br>Test class: core.CreditCardValidationTest<br>Parameters: VISA, 5584-3989-2997-3080, 09/23, 123</td>
<td><div><pre>java.lang.AssertionError: 
Expected: Luhn of: 5584-3989-2997-3080, should be valid
     but: was &lt;true&gt;
	at org.hamcrest.MatcherAssert.assertThat(MatcherAssert.java:18)
	at org.hamcrest.MatcherAssert.assertThat(MatcherAssert.java:6)
	at core.CreditCardValidationTest.luhn(CreditCardValidationTest.java:48)
	at java.util.ArrayList.forEach(ArrayList.java:1257)
... Removed 32 stack frames</pre></div><a href='#' onClick='toggleBox("stack-trace656349395", this, "Click to show all stack frames", "Click to hide stack frames")'>Click to show all stack frames</a>
<div class='stack-trace' id='stack-trace656349395'><pre>java.lang.AssertionError: 
Expected: Luhn of: 5584-3989-2997-3080, should be valid
     but: was &lt;true&gt;
	at org.hamcrest.MatcherAssert.assertThat(MatcherAssert.java:18)
	at org.hamcrest.MatcherAssert.assertThat(MatcherAssert.java:6)
	at core.CreditCardValidationTest.luhn(CreditCardValidationTest.java:48)
	at sun.reflect.NativeMethodAccessorImpl.invoke0(Native Method)
	at sun.reflect.NativeMethodAccessorImpl.invoke(NativeMethodAccessorImpl.java:62)
	at sun.reflect.DelegatingMethodAccessorImpl.invoke(DelegatingMethodAccessorImpl.java:43)
	at java.lang.reflect.Method.invoke(Method.java:498)
	at org.testng.internal.MethodInvocationHelper.invokeMethod(MethodInvocationHelper.java:134)
	at org.testng.internal.TestInvoker.invokeMethod(TestInvoker.java:597)
	at org.testng.internal.TestInvoker.invokeTestMethod(TestInvoker.java:173)
	at org.testng.internal.MethodRunner.runInSequence(MethodRunner.java:46)
	at org.testng.internal.TestInvoker$MethodInvocationAgent.invoke(TestInvoker.java:816)
	at org.testng.internal.TestInvoker.invokeTestMethods(TestInvoker.java:146)
	at org.testng.internal.TestMethodWorker.invokeTestMethods(TestMethodWorker.java:146)
	at org.testng.internal.TestMethodWorker.run(TestMethodWorker.java:128)
	at java.util.ArrayList.forEach(ArrayList.java:1257)
	at org.testng.TestRunner.privateRun(TestRunner.java:766)
	at org.testng.TestRunner.run(TestRunner.java:587)
	at org.testng.SuiteRunner.runTest(SuiteRunner.java:384)
	at org.testng.SuiteRunner.runSequentially(SuiteRunner.java:378)
	at org.testng.SuiteRunner.privateRun(SuiteRunner.java:337)
	at org.testng.SuiteRunner.run(SuiteRunner.java:286)
	at org.testng.SuiteRunnerWorker.runSuite(SuiteRunnerWorker.java:53)
	at org.testng.SuiteRunnerWorker.run(SuiteRunnerWorker.java:96)
	at org.testng.TestNG.runSuitesSequentially(TestNG.java:1187)
	at org.testng.TestNG.runSuitesLocally(TestNG.java:1109)
	at org.testng.TestNG.runSuites(TestNG.java:1039)
	at org.testng.TestNG.run(TestNG.java:1007)
	at org.apache.maven.surefire.testng.TestNGExecutor.run(TestNGExecutor.java:135)
	at org.apache.maven.surefire.testng.TestNGDirectoryTestSuite.executeSingleClass(TestNGDirectoryTestSuite.java:112)
	at org.apache.maven.surefire.testng.TestNGDirectoryTestSuite.execute(TestNGDirectoryTestSuite.java:99)
	at org.apache.maven.surefire.testng.TestNGProvider.invoke(TestNGProvider.java:146)
	at org.apache.maven.surefire.booter.ForkedBooter.invokeProviderInSameClassLoader(ForkedBooter.java:384)
	at org.apache.maven.surefire.booter.ForkedBooter.runSuitesInProcess(ForkedBooter.java:345)
	at org.apache.maven.surefire.booter.ForkedBooter.execute(ForkedBooter.java:126)
	at org.apache.maven.surefire.booter.ForkedBooter.main(ForkedBooter.java:418)
</pre></div></td>
<td>0</td>
<td>core.CreditCardValidationTest@25e2a451</td></tr>
<tr>
<td title='core.CreditCardValidationTest.luhn()'><b>luhn</b><br>Test class: core.CreditCardValidationTest<br>Parameters: AmericanExpress, 5584-3989-2997-3080, 09/23, 123</td>
<td><div><pre>java.lang.AssertionError: 
Expected: Luhn of: 5584-3989-2997-3080, should be valid
     but: was &lt;true&gt;
	at org.hamcrest.MatcherAssert.assertThat(MatcherAssert.java:18)
	at org.hamcrest.MatcherAssert.assertThat(MatcherAssert.java:6)
	at core.CreditCardValidationTest.luhn(CreditCardValidationTest.java:48)
	at java.util.ArrayList.forEach(ArrayList.java:1257)
... Removed 32 stack frames</pre></div><a href='#' onClick='toggleBox("stack-trace828241083", this, "Click to show all stack frames", "Click to hide stack frames")'>Click to show all stack frames</a>
<div class='stack-trace' id='stack-trace828241083'><pre>java.lang.AssertionError: 
Expected: Luhn of: 5584-3989-2997-3080, should be valid
     but: was &lt;true&gt;
	at org.hamcrest.MatcherAssert.assertThat(MatcherAssert.java:18)
	at org.hamcrest.MatcherAssert.assertThat(MatcherAssert.java:6)
	at core.CreditCardValidationTest.luhn(CreditCardValidationTest.java:48)
	at sun.reflect.NativeMethodAccessorImpl.invoke0(Native Method)
	at sun.reflect.NativeMethodAccessorImpl.invoke(NativeMethodAccessorImpl.java:62)
	at sun.reflect.DelegatingMethodAccessorImpl.invoke(DelegatingMethodAccessorImpl.java:43)
	at java.lang.reflect.Method.invoke(Method.java:498)
	at org.testng.internal.MethodInvocationHelper.invokeMethod(MethodInvocationHelper.java:134)
	at org.testng.internal.TestInvoker.invokeMethod(TestInvoker.java:597)
	at org.testng.internal.TestInvoker.invokeTestMethod(TestInvoker.java:173)
	at org.testng.internal.MethodRunner.runInSequence(MethodRunner.java:46)
	at org.testng.internal.TestInvoker$MethodInvocationAgent.invoke(TestInvoker.java:816)
	at org.testng.internal.TestInvoker.invokeTestMethods(TestInvoker.java:146)
	at org.testng.internal.TestMethodWorker.invokeTestMethods(TestMethodWorker.java:146)
	at org.testng.internal.TestMethodWorker.run(TestMethodWorker.java:128)
	at java.util.ArrayList.forEach(ArrayList.java:1257)
	at org.testng.TestRunner.privateRun(TestRunner.java:766)
	at org.testng.TestRunner.run(TestRunner.java:587)
	at org.testng.SuiteRunner.runTest(SuiteRunner.java:384)
	at org.testng.SuiteRunner.runSequentially(SuiteRunner.java:378)
	at org.testng.SuiteRunner.privateRun(SuiteRunner.java:337)
	at org.testng.SuiteRunner.run(SuiteRunner.java:286)
	at org.testng.SuiteRunnerWorker.runSuite(SuiteRunnerWorker.java:53)
	at org.testng.SuiteRunnerWorker.run(SuiteRunnerWorker.java:96)
	at org.testng.TestNG.runSuitesSequentially(TestNG.java:1187)
	at org.testng.TestNG.runSuitesLocally(TestNG.java:1109)
	at org.testng.TestNG.runSuites(TestNG.java:1039)
	at org.testng.TestNG.run(TestNG.java:1007)
	at org.apache.maven.surefire.testng.TestNGExecutor.run(TestNGExecutor.java:135)
	at org.apache.maven.surefire.testng.TestNGDirectoryTestSuite.executeSingleClass(TestNGDirectoryTestSuite.java:112)
	at org.apache.maven.surefire.testng.TestNGDirectoryTestSuite.execute(TestNGDirectoryTestSuite.java:99)
	at org.apache.maven.surefire.testng.TestNGProvider.invoke(TestNGProvider.java:146)
	at org.apache.maven.surefire.booter.ForkedBooter.invokeProviderInSameClassLoader(ForkedBooter.java:384)
	at org.apache.maven.surefire.booter.ForkedBooter.runSuitesInProcess(ForkedBooter.java:345)
	at org.apache.maven.surefire.booter.ForkedBooter.execute(ForkedBooter.java:126)
	at org.apache.maven.surefire.booter.ForkedBooter.main(ForkedBooter.java:418)
</pre></div></td>
<td>0</td>
<td>core.CreditCardValidationTest@25e2a451</td></tr>
<tr>
<td title='core.CreditCardValidationTest.luhn()'><b>luhn</b><br>Test class: core.CreditCardValidationTest<br>Parameters: Discover, 5584-3989-2997-3080, 09/23, 123</td>
<td><div><pre>java.lang.AssertionError: 
Expected: Luhn of: 5584-3989-2997-3080, should be valid
     but: was &lt;true&gt;
	at org.hamcrest.MatcherAssert.assertThat(MatcherAssert.java:18)
	at org.hamcrest.MatcherAssert.assertThat(MatcherAssert.java:6)
	at core.CreditCardValidationTest.luhn(CreditCardValidationTest.java:48)
	at java.util.ArrayList.forEach(ArrayList.java:1257)
... Removed 31 stack frames</pre></div><a href='#' onClick='toggleBox("stack-trace1107404311", this, "Click to show all stack frames", "Click to hide stack frames")'>Click to show all stack frames</a>
<div class='stack-trace' id='stack-trace1107404311'><pre>java.lang.AssertionError: 
Expected: Luhn of: 5584-3989-2997-3080, should be valid
     but: was &lt;true&gt;
	at org.hamcrest.MatcherAssert.assertThat(MatcherAssert.java:18)
	at org.hamcrest.MatcherAssert.assertThat(MatcherAssert.java:6)
	at core.CreditCardValidationTest.luhn(CreditCardValidationTest.java:48)
	at sun.reflect.GeneratedMethodAccessor32.invoke(Unknown Source)
	at sun.reflect.DelegatingMethodAccessorImpl.invoke(DelegatingMethodAccessorImpl.java:43)
	at java.lang.reflect.Method.invoke(Method.java:498)
	at org.testng.internal.MethodInvocationHelper.invokeMethod(MethodInvocationHelper.java:134)
	at org.testng.internal.TestInvoker.invokeMethod(TestInvoker.java:597)
	at org.testng.internal.TestInvoker.invokeTestMethod(TestInvoker.java:173)
	at org.testng.internal.MethodRunner.runInSequence(MethodRunner.java:46)
	at org.testng.internal.TestInvoker$MethodInvocationAgent.invoke(TestInvoker.java:816)
	at org.testng.internal.TestInvoker.invokeTestMethods(TestInvoker.java:146)
	at org.testng.internal.TestMethodWorker.invokeTestMethods(TestMethodWorker.java:146)
	at org.testng.internal.TestMethodWorker.run(TestMethodWorker.java:128)
	at java.util.ArrayList.forEach(ArrayList.java:1257)
	at org.testng.TestRunner.privateRun(TestRunner.java:766)
	at org.testng.TestRunner.run(TestRunner.java:587)
	at org.testng.SuiteRunner.runTest(SuiteRunner.java:384)
	at org.testng.SuiteRunner.runSequentially(SuiteRunner.java:378)
	at org.testng.SuiteRunner.privateRun(SuiteRunner.java:337)
	at org.testng.SuiteRunner.run(SuiteRunner.java:286)
	at org.testng.SuiteRunnerWorker.runSuite(SuiteRunnerWorker.java:53)
	at org.testng.SuiteRunnerWorker.run(SuiteRunnerWorker.java:96)
	at org.testng.TestNG.runSuitesSequentially(TestNG.java:1187)
	at org.testng.TestNG.runSuitesLocally(TestNG.java:1109)
	at org.testng.TestNG.runSuites(TestNG.java:1039)
	at org.testng.TestNG.run(TestNG.java:1007)
	at org.apache.maven.surefire.testng.TestNGExecutor.run(TestNGExecutor.java:135)
	at org.apache.maven.surefire.testng.TestNGDirectoryTestSuite.executeSingleClass(TestNGDirectoryTestSuite.java:112)
	at org.apache.maven.surefire.testng.TestNGDirectoryTestSuite.execute(TestNGDirectoryTestSuite.java:99)
	at org.apache.maven.surefire.testng.TestNGProvider.invoke(TestNGProvider.java:146)
	at org.apache.maven.surefire.booter.ForkedBooter.invokeProviderInSameClassLoader(ForkedBooter.java:384)
	at org.apache.maven.surefire.booter.ForkedBooter.runSuitesInProcess(ForkedBooter.java:345)
	at org.apache.maven.surefire.booter.ForkedBooter.execute(ForkedBooter.java:126)
	at org.apache.maven.surefire.booter.ForkedBooter.main(ForkedBooter.java:418)
</pre></div></td>
<td>0</td>
<td>core.CreditCardValidationTest@25e2a451</td></tr>
</table><p>
<table width='100%' border='1' class='invocation-passed'>
<tr><td colspan='4' align='center'><b>PASSED TESTS</b></td></tr>
<tr><td><b>Test method</b></td>
<td width="30%"><b>Exception</b></td>
<td width="10%"><b>Time (seconds)</b></td>
<td><b>Instance</b></td>
</tr>
<tr>
<td title='core.CreditCardValidationTest.cvv()'><b>cvv</b><br>Test class: core.CreditCardValidationTest<br>Parameters: MasterCard, 5184-3989-2997-3080, 09/23, 123</td>
<td></td>
<td>0</td>
<td>core.CreditCardValidationTest@25e2a451</td></tr>
<tr>
<td title='core.CreditCardValidationTest.cvv()'><b>cvv</b><br>Test class: core.CreditCardValidationTest<br>Parameters: MasterCard, 5284-3989-2997-3080, 09/23, 123</td>
<td></td>
<td>0</td>
<td>core.CreditCardValidationTest@25e2a451</td></tr>
<tr>
<td title='core.CreditCardValidationTest.cvv()'><b>cvv</b><br>Test class: core.CreditCardValidationTest<br>Parameters: MasterCard, 5384-3989-2997-3080, 09/23, 123</td>
<td></td>
<td>0</td>
<td>core.CreditCardValidationTest@25e2a451</td></tr>
<tr>
<td title='core.CreditCardValidationTest.cvv()'><b>cvv</b><br>Test class: core.CreditCardValidationTest<br>Parameters: MasterCard, 5484-3989-2997-3080, 09/23, 123</td>
<td></td>
<td>0</td>
<td>core.CreditCardValidationTest@25e2a451</td></tr>
<tr>
<td title='core.CreditCardValidationTest.cvv()'><b>cvv</b><br>Test class: core.CreditCardValidationTest<br>Parameters: MasterCard, 5584-3989-2997-3080, 09/23, 123</td>
<td></td>
<td>0</td>
<td>core.CreditCardValidationTest@25e2a451</td></tr>
<tr>
<td title='core.CreditCardValidationTest.cvv()'><b>cvv</b><br>Test class: core.CreditCardValidationTest<br>Parameters: VISA, 5184-3989-2997-3080, 09/23, 123</td>
<td></td>
<td>0</td>
<td>core.CreditCardValidationTest@25e2a451</td></tr>
<tr>
<td title='core.CreditCardValidationTest.cvv()'><b>cvv</b><br>Test class: core.CreditCardValidationTest<br>Parameters: VISA, 5284-3989-2997-3080, 09/23, 123</td>
<td></td>
<td>0</td>
<td>core.CreditCardValidationTest@25e2a451</td></tr>
<tr>
<td title='core.CreditCardValidationTest.cvv()'><b>cvv</b><br>Test class: core.CreditCardValidationTest<br>Parameters: VISA, 5384-3989-2997-3080, 09/23, 123</td>
<td></td>
<td>0</td>
<td>core.CreditCardValidationTest@25e2a451</td></tr>
<tr>
<td title='core.CreditCardValidationTest.cvv()'><b>cvv</b><br>Test class: core.CreditCardValidationTest<br>Parameters: VISA, 5484-3989-2997-3080, 09/23, 123</td>
<td></td>
<td>0</td>
<td>core.CreditCardValidationTest@25e2a451</td></tr>
<tr>
<td title='core.CreditCardValidationTest.cvv()'><b>cvv</b><br>Test class: core.CreditCardValidationTest<br>Parameters: VISA, 5584-3989-2997-3080, 09/23, 123</td>
<td></td>
<td>0</td>
<td>core.CreditCardValidationTest@25e2a451</td></tr>
<tr>
<td title='core.CreditCardValidationTest.cvv()'><b>cvv</b><br>Test class: core.CreditCardValidationTest<br>Parameters: AmericanExpress, 5184-3989-2997-3080, 09/23, 123</td>
<td></td>
<td>0</td>
<td>core.CreditCardValidationTest@25e2a451</td></tr>
<tr>
<td title='core.CreditCardValidationTest.cvv()'><b>cvv</b><br>Test class: core.CreditCardValidationTest<br>Parameters: AmericanExpress, 5284-3989-2997-3080, 09/23, 123</td>
<td></td>
<td>0</td>
<td>core.CreditCardValidationTest@25e2a451</td></tr>
<tr>
<td title='core.CreditCardValidationTest.cvv()'><b>cvv</b><br>Test class: core.CreditCardValidationTest<br>Parameters: AmericanExpress, 5384-3989-2997-3080, 09/23, 123</td>
<td></td>
<td>0</td>
<td>core.CreditCardValidationTest@25e2a451</td></tr>
<tr>
<td title='core.CreditCardValidationTest.cvv()'><b>cvv</b><br>Test class: core.CreditCardValidationTest<br>Parameters: AmericanExpress, 5484-3989-2997-3080, 09/23, 123</td>
<td></td>
<td>0</td>
<td>core.CreditCardValidationTest@25e2a451</td></tr>
<tr>
<td title='core.CreditCardValidationTest.cvv()'><b>cvv</b><br>Test class: core.CreditCardValidationTest<br>Parameters: AmericanExpress, 5584-3989-2997-3080, 09/23, 123</td>
<td></td>
<td>0</td>
<td>core.CreditCardValidationTest@25e2a451</td></tr>
<tr>
<td title='core.CreditCardValidationTest.cvv()'><b>cvv</b><br>Test class: core.CreditCardValidationTest<br>Parameters: Discover, 5184-3989-2997-3080, 09/23, 123</td>
<td></td>
<td>0</td>
<td>core.CreditCardValidationTest@25e2a451</td></tr>
<tr>
<td title='core.CreditCardValidationTest.cvv()'><b>cvv</b><br>Test class: core.CreditCardValidationTest<br>Parameters: Discover, 5284-3989-2997-3080, 09/23, 123</td>
<td></td>
<td>0</td>
<td>core.CreditCardValidationTest@25e2a451</td></tr>
<tr>
<td title='core.CreditCardValidationTest.cvv()'><b>cvv</b><br>Test class: core.CreditCardValidationTest<br>Parameters: Discover, 5384-3989-2997-3080, 09/23, 123</td>
<td></td>
<td>0</td>
<td>core.CreditCardValidationTest@25e2a451</td></tr>
<tr>
<td title='core.CreditCardValidationTest.cvv()'><b>cvv</b><br>Test class: core.CreditCardValidationTest<br>Parameters: Discover, 5484-3989-2997-3080, 09/23, 123</td>
<td></td>
<td>0</td>
<td>core.CreditCardValidationTest@25e2a451</td></tr>
<tr>
<td title='core.CreditCardValidationTest.cvv()'><b>cvv</b><br>Test class: core.CreditCardValidationTest<br>Parameters: Discover, 5584-3989-2997-3080, 09/23, 123</td>
<td></td>
<td>0</td>
<td>core.CreditCardValidationTest@25e2a451</td></tr>
<tr>
<td title='core.CreditCardValidationTest.exp()'><b>exp</b><br>Test class: core.CreditCardValidationTest<br>Parameters: MasterCard, 5184-3989-2997-3080, 09/23, 123</td>
<td></td>
<td>0</td>
<td>core.CreditCardValidationTest@25e2a451</td></tr>
<tr>
<td title='core.CreditCardValidationTest.exp()'><b>exp</b><br>Test class: core.CreditCardValidationTest<br>Parameters: MasterCard, 5284-3989-2997-3080, 09/23, 123</td>
<td></td>
<td>0</td>
<td>core.CreditCardValidationTest@25e2a451</td></tr>
<tr>
<td title='core.CreditCardValidationTest.exp()'><b>exp</b><br>Test class: core.CreditCardValidationTest<br>Parameters: MasterCard, 5384-3989-2997-3080, 09/23, 123</td>
<td></td>
<td>0</td>
<td>core.CreditCardValidationTest@25e2a451</td></tr>
<tr>
<td title='core.CreditCardValidationTest.exp()'><b>exp</b><br>Test class: core.CreditCardValidationTest<br>Parameters: MasterCard, 5484-3989-2997-3080, 09/23, 123</td>
<td></td>
<td>0</td>
<td>core.CreditCardValidationTest@25e2a451</td></tr>
<tr>
<td title='core.CreditCardValidationTest.exp()'><b>exp</b><br>Test class: core.CreditCardValidationTest<br>Parameters: MasterCard, 5584-3989-2997-3080, 09/23, 123</td>
<td></td>
<td>0</td>
<td>core.CreditCardValidationTest@25e2a451</td></tr>
<tr>
<td title='core.CreditCardValidationTest.exp()'><b>exp</b><br>Test class: core.CreditCardValidationTest<br>Parameters: VISA, 5184-3989-2997-3080, 09/23, 123</td>
<td></td>
<td>0</td>
<td>core.CreditCardValidationTest@25e2a451</td></tr>
<tr>
<td title='core.CreditCardValidationTest.exp()'><b>exp</b><br>Test class: core.CreditCardValidationTest<br>Parameters: VISA, 5284-3989-2997-3080, 09/23, 123</td>
<td></td>
<td>0</td>
<td>core.CreditCardValidationTest@25e2a451</td></tr>
<tr>
<td title='core.CreditCardValidationTest.exp()'><b>exp</b><br>Test class: core.CreditCardValidationTest<br>Parameters: VISA, 5384-3989-2997-3080, 09/23, 123</td>
<td></td>
<td>0</td>
<td>core.CreditCardValidationTest@25e2a451</td></tr>
<tr>
<td title='core.CreditCardValidationTest.exp()'><b>exp</b><br>Test class: core.CreditCardValidationTest<br>Parameters: VISA, 5484-3989-2997-3080, 09/23, 123</td>
<td></td>
<td>0</td>
<td>core.CreditCardValidationTest@25e2a451</td></tr>
<tr>
<td title='core.CreditCardValidationTest.exp()'><b>exp</b><br>Test class: core.CreditCardValidationTest<br>Parameters: VISA, 5584-3989-2997-3080, 09/23, 123</td>
<td></td>
<td>0</td>
<td>core.CreditCardValidationTest@25e2a451</td></tr>
<tr>
<td title='core.CreditCardValidationTest.exp()'><b>exp</b><br>Test class: core.CreditCardValidationTest<br>Parameters: AmericanExpress, 5184-3989-2997-3080, 09/23, 123</td>
<td></td>
<td>0</td>
<td>core.CreditCardValidationTest@25e2a451</td></tr>
<tr>
<td title='core.CreditCardValidationTest.exp()'><b>exp</b><br>Test class: core.CreditCardValidationTest<br>Parameters: AmericanExpress, 5284-3989-2997-3080, 09/23, 123</td>
<td></td>
<td>0</td>
<td>core.CreditCardValidationTest@25e2a451</td></tr>
<tr>
<td title='core.CreditCardValidationTest.exp()'><b>exp</b><br>Test class: core.CreditCardValidationTest<br>Parameters: AmericanExpress, 5384-3989-2997-3080, 09/23, 123</td>
<td></td>
<td>0</td>
<td>core.CreditCardValidationTest@25e2a451</td></tr>
<tr>
<td title='core.CreditCardValidationTest.exp()'><b>exp</b><br>Test class: core.CreditCardValidationTest<br>Parameters: AmericanExpress, 5484-3989-2997-3080, 09/23, 123</td>
<td></td>
<td>0</td>
<td>core.CreditCardValidationTest@25e2a451</td></tr>
<tr>
<td title='core.CreditCardValidationTest.exp()'><b>exp</b><br>Test class: core.CreditCardValidationTest<br>Parameters: AmericanExpress, 5584-3989-2997-3080, 09/23, 123</td>
<td></td>
<td>0</td>
<td>core.CreditCardValidationTest@25e2a451</td></tr>
<tr>
<td title='core.CreditCardValidationTest.exp()'><b>exp</b><br>Test class: core.CreditCardValidationTest<br>Parameters: Discover, 5184-3989-2997-3080, 09/23, 123</td>
<td></td>
<td>0</td>
<td>core.CreditCardValidationTest@25e2a451</td></tr>
<tr>
<td title='core.CreditCardValidationTest.exp()'><b>exp</b><br>Test class: core.CreditCardValidationTest<br>Parameters: Discover, 5284-3989-2997-3080, 09/23, 123</td>
<td></td>
<td>0</td>
<td>core.CreditCardValidationTest@25e2a451</td></tr>
<tr>
<td title='core.CreditCardValidationTest.exp()'><b>exp</b><br>Test class: core.CreditCardValidationTest<br>Parameters: Discover, 5384-3989-2997-3080, 09/23, 123</td>
<td></td>
<td>0</td>
<td>core.CreditCardValidationTest@25e2a451</td></tr>
<tr>
<td title='core.CreditCardValidationTest.exp()'><b>exp</b><br>Test class: core.CreditCardValidationTest<br>Parameters: Discover, 5484-3989-2997-3080, 09/23, 123</td>
<td></td>
<td>0</td>
<td>core.CreditCardValidationTest@25e2a451</td></tr>
<tr>
<td title='core.CreditCardValidationTest.exp()'><b>exp</b><br>Test class: core.CreditCardValidationTest<br>Parameters: Discover, 5584-3989-2997-3080, 09/23, 123</td>
<td></td>
<td>0</td>
<td>core.CreditCardValidationTest@25e2a451</td></tr>
<tr>
<td title='core.CreditCardValidationTest.luhn()'><b>luhn</b><br>Test class: core.CreditCardValidationTest<br>Parameters: MasterCard, 5184-3989-2997-3080, 09/23, 123</td>
<td></td>
<td>0</td>
<td>core.CreditCardValidationTest@25e2a451</td></tr>
<tr>
<td title='core.CreditCardValidationTest.luhn()'><b>luhn</b><br>Test class: core.CreditCardValidationTest<br>Parameters: MasterCard, 5284-3989-2997-3080, 09/23, 123</td>
<td></td>
<td>0</td>
<td>core.CreditCardValidationTest@25e2a451</td></tr>
<tr>
<td title='core.CreditCardValidationTest.luhn()'><b>luhn</b><br>Test class: core.CreditCardValidationTest<br>Parameters: MasterCard, 5384-3989-2997-3080, 09/23, 123</td>
<td></td>
<td>0</td>
<td>core.CreditCardValidationTest@25e2a451</td></tr>
<tr>
<td title='core.CreditCardValidationTest.luhn()'><b>luhn</b><br>Test class: core.CreditCardValidationTest<br>Parameters: MasterCard, 5484-3989-2997-3080, 09/23, 123</td>
<td></td>
<td>0</td>
<td>core.CreditCardValidationTest@25e2a451</td></tr>
<tr>
<td title='core.CreditCardValidationTest.luhn()'><b>luhn</b><br>Test class: core.CreditCardValidationTest<br>Parameters: VISA, 5184-3989-2997-3080, 09/23, 123</td>
<td></td>
<td>0</td>
<td>core.CreditCardValidationTest@25e2a451</td></tr>
<tr>
<td title='core.CreditCardValidationTest.luhn()'><b>luhn</b><br>Test class: core.CreditCardValidationTest<br>Parameters: VISA, 5284-3989-2997-3080, 09/23, 123</td>
<td></td>
<td>0</td>
<td>core.CreditCardValidationTest@25e2a451</td></tr>
<tr>
<td title='core.CreditCardValidationTest.luhn()'><b>luhn</b><br>Test class: core.CreditCardValidationTest<br>Parameters: VISA, 5384-3989-2997-3080, 09/23, 123</td>
<td></td>
<td>0</td>
<td>core.CreditCardValidationTest@25e2a451</td></tr>
<tr>
<td title='core.CreditCardValidationTest.luhn()'><b>luhn</b><br>Test class: core.CreditCardValidationTest<br>Parameters: VISA, 5484-3989-2997-3080, 09/23, 123</td>
<td></td>
<td>0</td>
<td>core.CreditCardValidationTest@25e2a451</td></tr>
<tr>
<td title='core.CreditCardValidationTest.luhn()'><b>luhn</b><br>Test class: core.CreditCardValidationTest<br>Parameters: AmericanExpress, 5184-3989-2997-3080, 09/23, 123</td>
<td></td>
<td>0</td>
<td>core.CreditCardValidationTest@25e2a451</td></tr>
<tr>
<td title='core.CreditCardValidationTest.luhn()'><b>luhn</b><br>Test class: core.CreditCardValidationTest<br>Parameters: AmericanExpress, 5284-3989-2997-3080, 09/23, 123</td>
<td></td>
<td>0</td>
<td>core.CreditCardValidationTest@25e2a451</td></tr>
<tr>
<td title='core.CreditCardValidationTest.luhn()'><b>luhn</b><br>Test class: core.CreditCardValidationTest<br>Parameters: AmericanExpress, 5384-3989-2997-3080, 09/23, 123</td>
<td></td>
<td>0</td>
<td>core.CreditCardValidationTest@25e2a451</td></tr>
<tr>
<td title='core.CreditCardValidationTest.luhn()'><b>luhn</b><br>Test class: core.CreditCardValidationTest<br>Parameters: AmericanExpress, 5484-3989-2997-3080, 09/23, 123</td>
<td></td>
<td>0</td>
<td>core.CreditCardValidationTest@25e2a451</td></tr>
<tr>
<td title='core.CreditCardValidationTest.luhn()'><b>luhn</b><br>Test class: core.CreditCardValidationTest<br>Parameters: Discover, 5184-3989-2997-3080, 09/23, 123</td>
<td></td>
<td>0</td>
<td>core.CreditCardValidationTest@25e2a451</td></tr>
<tr>
<td title='core.CreditCardValidationTest.luhn()'><b>luhn</b><br>Test class: core.CreditCardValidationTest<br>Parameters: Discover, 5284-3989-2997-3080, 09/23, 123</td>
<td></td>
<td>0</td>
<td>core.CreditCardValidationTest@25e2a451</td></tr>
<tr>
<td title='core.CreditCardValidationTest.luhn()'><b>luhn</b><br>Test class: core.CreditCardValidationTest<br>Parameters: Discover, 5384-3989-2997-3080, 09/23, 123</td>
<td></td>
<td>0</td>
<td>core.CreditCardValidationTest@25e2a451</td></tr>
<tr>
<td title='core.CreditCardValidationTest.luhn()'><b>luhn</b><br>Test class: core.CreditCardValidationTest<br>Parameters: Discover, 5484-3989-2997-3080, 09/23, 123</td>
<td></td>
<td>0</td>
<td>core.CreditCardValidationTest@25e2a451</td></tr>
<tr>
<td title='core.CreditCardValidationTest.type()'><b>type</b><br>Test class: core.CreditCardValidationTest<br>Parameters: MasterCard, 5184-3989-2997-3080, 09/23, 123</td>
<td></td>
<td>0</td>
<td>core.CreditCardValidationTest@25e2a451</td></tr>
<tr>
<td title='core.CreditCardValidationTest.type()'><b>type</b><br>Test class: core.CreditCardValidationTest<br>Parameters: MasterCard, 5284-3989-2997-3080, 09/23, 123</td>
<td></td>
<td>0</td>
<td>core.CreditCardValidationTest@25e2a451</td></tr>
<tr>
<td title='core.CreditCardValidationTest.type()'><b>type</b><br>Test class: core.CreditCardValidationTest<br>Parameters: MasterCard, 5384-3989-2997-3080, 09/23, 123</td>
<td></td>
<td>0</td>
<td>core.CreditCardValidationTest@25e2a451</td></tr>
<tr>
<td title='core.CreditCardValidationTest.type()'><b>type</b><br>Test class: core.CreditCardValidationTest<br>Parameters: MasterCard, 5484-3989-2997-3080, 09/23, 123</td>
<td></td>
<td>0</td>
<td>core.CreditCardValidationTest@25e2a451</td></tr>
<tr>
<td title='core.CreditCardValidationTest.type()'><b>type</b><br>Test class: core.CreditCardValidationTest<br>Parameters: MasterCard, 5584-3989-2997-3080, 09/23, 123</td>
<td></td>
<td>0</td>
<td>core.CreditCardValidationTest@25e2a451</td></tr>
<tr>
<td title='core.CreditCardValidationTest.type()'><b>type</b><br>Test class: core.CreditCardValidationTest<br>Parameters: VISA, 5184-3989-2997-3080, 09/23, 123</td>
<td></td>
<td>0</td>
<td>core.CreditCardValidationTest@25e2a451</td></tr>
<tr>
<td title='core.CreditCardValidationTest.type()'><b>type</b><br>Test class: core.CreditCardValidationTest<br>Parameters: VISA, 5284-3989-2997-3080, 09/23, 123</td>
<td></td>
<td>0</td>
<td>core.CreditCardValidationTest@25e2a451</td></tr>
<tr>
<td title='core.CreditCardValidationTest.type()'><b>type</b><br>Test class: core.CreditCardValidationTest<br>Parameters: VISA, 5384-3989-2997-3080, 09/23, 123</td>
<td></td>
<td>0</td>
<td>core.CreditCardValidationTest@25e2a451</td></tr>
<tr>
<td title='core.CreditCardValidationTest.type()'><b>type</b><br>Test class: core.CreditCardValidationTest<br>Parameters: VISA, 5484-3989-2997-3080, 09/23, 123</td>
<td></td>
<td>0</td>
<td>core.CreditCardValidationTest@25e2a451</td></tr>
<tr>
<td title='core.CreditCardValidationTest.type()'><b>type</b><br>Test class: core.CreditCardValidationTest<br>Parameters: VISA, 5584-3989-2997-3080, 09/23, 123</td>
<td></td>
<td>0</td>
<td>core.CreditCardValidationTest@25e2a451</td></tr>
<tr>
<td title='core.CreditCardValidationTest.type()'><b>type</b><br>Test class: core.CreditCardValidationTest<br>Parameters: AmericanExpress, 5184-3989-2997-3080, 09/23, 123</td>
<td></td>
<td>0</td>
<td>core.CreditCardValidationTest@25e2a451</td></tr>
<tr>
<td title='core.CreditCardValidationTest.type()'><b>type</b><br>Test class: core.CreditCardValidationTest<br>Parameters: AmericanExpress, 5284-3989-2997-3080, 09/23, 123</td>
<td></td>
<td>0</td>
<td>core.CreditCardValidationTest@25e2a451</td></tr>
<tr>
<td title='core.CreditCardValidationTest.type()'><b>type</b><br>Test class: core.CreditCardValidationTest<br>Parameters: AmericanExpress, 5384-3989-2997-3080, 09/23, 123</td>
<td></td>
<td>0</td>
<td>core.CreditCardValidationTest@25e2a451</td></tr>
<tr>
<td title='core.CreditCardValidationTest.type()'><b>type</b><br>Test class: core.CreditCardValidationTest<br>Parameters: AmericanExpress, 5484-3989-2997-3080, 09/23, 123</td>
<td></td>
<td>0</td>
<td>core.CreditCardValidationTest@25e2a451</td></tr>
<tr>
<td title='core.CreditCardValidationTest.type()'><b>type</b><br>Test class: core.CreditCardValidationTest<br>Parameters: AmericanExpress, 5584-3989-2997-3080, 09/23, 123</td>
<td></td>
<td>0</td>
<td>core.CreditCardValidationTest@25e2a451</td></tr>
<tr>
<td title='core.CreditCardValidationTest.type()'><b>type</b><br>Test class: core.CreditCardValidationTest<br>Parameters: Discover, 5184-3989-2997-3080, 09/23, 123</td>
<td></td>
<td>0</td>
<td>core.CreditCardValidationTest@25e2a451</td></tr>
<tr>
<td title='core.CreditCardValidationTest.type()'><b>type</b><br>Test class: core.CreditCardValidationTest<br>Parameters: Discover, 5284-3989-2997-3080, 09/23, 123</td>
<td></td>
<td>0</td>
<td>core.CreditCardValidationTest@25e2a451</td></tr>
<tr>
<td title='core.CreditCardValidationTest.type()'><b>type</b><br>Test class: core.CreditCardValidationTest<br>Parameters: Discover, 5384-3989-2997-3080, 09/23, 123</td>
<td></td>
<td>0</td>
<td>core.CreditCardValidationTest@25e2a451</td></tr>
<tr>
<td title='core.CreditCardValidationTest.type()'><b>type</b><br>Test class: core.CreditCardValidationTest<br>Parameters: Discover, 5484-3989-2997-3080, 09/23, 123</td>
<td></td>
<td>0</td>
<td>core.CreditCardValidationTest@25e2a451</td></tr>
<tr>
<td title='core.CreditCardValidationTest.type()'><b>type</b><br>Test class: core.CreditCardValidationTest<br>Parameters: Discover, 5584-3989-2997-3080, 09/23, 123</td>
<td></td>
<td>0</td>
<td>core.CreditCardValidationTest@25e2a451</td></tr>
</table><p>
</body>
</html>