<?xml version="1.0" encoding="UTF-8"?>
<testsuite xmlns:xsi="http://www.w3.org/2001/XMLSchema-instance" xsi:noNamespaceSchemaLocation="https://maven.apache.org/surefire/maven-surefire-plugin/xsd/surefire-test-report.xsd" name="core.CreditCardValidationTest" time="3.968" tests="80" errors="0" skipped="0" failures="4">
  <properties>
    <property name="gopherProxySet" value="false"/>
    <property name="awt.toolkit" value="sun.lwawt.macosx.LWCToolkit"/>
    <property name="file.encoding.pkg" value="sun.io"/>
    <property name="java.specification.version" value="1.8"/>
    <property name="sun.cpu.isalist" value=""/>
    <property name="sun.jnu.encoding" value="UTF-8"/>
    <property name="java.class.path" value="/Users/Elena/Workspace/HW_37/target/test-classes:/Users/Elena/Workspace/HW_37/target/classes:/Users/Elena/.m2/repository/org/testng/testng/7.1.0/testng-7.1.0.jar:/Users/Elena/.m2/repository/com/beust/jcommander/1.72/jcommander-1.72.jar:/Users/Elena/.m2/repository/com/google/inject/guice/4.1.0/guice-4.1.0-no_aop.jar:/Users/Elena/.m2/repository/javax/inject/javax.inject/1/javax.inject-1.jar:/Users/Elena/.m2/repository/aopalliance/aopalliance/1.0/aopalliance-1.0.jar:/Users/Elena/.m2/repository/com/google/guava/guava/19.0/guava-19.0.jar:/Users/Elena/.m2/repository/org/yaml/snakeyaml/1.21/snakeyaml-1.21.jar:/Users/Elena/.m2/repository/org/hamcrest/java-hamcrest/2.0.0.0/java-hamcrest-2.0.0.0.jar:/Users/Elena/.m2/repository/io/qameta/allure/allure-testng/2.13.3/allure-testng-2.13.3.jar:/Users/Elena/.m2/repository/io/qameta/allure/allure-java-commons/2.13.3/allure-java-commons-2.13.3.jar:/Users/Elena/.m2/repository/io/qameta/allure/allure-model/2.13.3/allure-model-2.13.3.jar:/Users/Elena/.m2/repository/com/fasterxml/jackson/core/jackson-databind/2.9.8/jackson-databind-2.9.8.jar:/Users/Elena/.m2/repository/com/fasterxml/jackson/core/jackson-annotations/2.9.0/jackson-annotations-2.9.0.jar:/Users/Elena/.m2/repository/com/fasterxml/jackson/core/jackson-core/2.9.8/jackson-core-2.9.8.jar:/Users/Elena/.m2/repository/org/apache/tika/tika-core/1.20/tika-core-1.20.jar:/Users/Elena/.m2/repository/org/jooq/joor-java-8/0.9.10/joor-java-8-0.9.10.jar:/Users/Elena/.m2/repository/org/slf4j/slf4j-simple/1.7.30/slf4j-simple-1.7.30.jar:/Users/Elena/.m2/repository/org/slf4j/slf4j-api/1.7.30/slf4j-api-1.7.30.jar:"/>
    <property name="java.vm.vendor" value="Oracle Corporation"/>
    <property name="sun.arch.data.model" value="64"/>
    <property name="java.vendor.url" value="http://java.oracle.com/"/>
    <property name="user.timezone" value=""/>
    <property name="java.vm.specification.version" value="1.8"/>
    <property name="os.name" value="Mac OS X"/>
    <property name="user.country" value="US"/>
    <property name="sun.java.launcher" value="SUN_STANDARD"/>
    <property name="sun.boot.library.path" value="/Library/Java/JavaVirtualMachines/jdk1.8.0_241.jdk/Contents/Home/jre/lib"/>
    <property name="sun.java.command" value="/Users/Elena/Workspace/HW_37/target/surefire/surefirebooter7764056088324249017.jar /Users/Elena/Workspace/HW_37/target/surefire 2020-04-30T03-55-12_190-jvmRun1 surefire1152429730446995938tmp surefire_04519893871853225543tmp"/>
    <property name="http.nonProxyHosts" value="local|*.local|169.254/16|*.169.254/16"/>
    <property name="test" value="CreditCardValidationTest"/>
    <property name="surefire.test.class.path" value="/Users/Elena/Workspace/HW_37/target/test-classes:/Users/Elena/Workspace/HW_37/target/classes:/Users/Elena/.m2/repository/org/testng/testng/7.1.0/testng-7.1.0.jar:/Users/Elena/.m2/repository/com/beust/jcommander/1.72/jcommander-1.72.jar:/Users/Elena/.m2/repository/com/google/inject/guice/4.1.0/guice-4.1.0-no_aop.jar:/Users/Elena/.m2/repository/javax/inject/javax.inject/1/javax.inject-1.jar:/Users/Elena/.m2/repository/aopalliance/aopalliance/1.0/aopalliance-1.0.jar:/Users/Elena/.m2/repository/com/google/guava/guava/19.0/guava-19.0.jar:/Users/Elena/.m2/repository/org/yaml/snakeyaml/1.21/snakeyaml-1.21.jar:/Users/Elena/.m2/repository/org/hamcrest/java-hamcrest/2.0.0.0/java-hamcrest-2.0.0.0.jar:/Users/Elena/.m2/repository/io/qameta/allure/allure-testng/2.13.3/allure-testng-2.13.3.jar:/Users/Elena/.m2/repository/io/qameta/allure/allure-java-commons/2.13.3/allure-java-commons-2.13.3.jar:/Users/Elena/.m2/repository/io/qameta/allure/allure-model/2.13.3/allure-model-2.13.3.jar:/Users/Elena/.m2/repository/com/fasterxml/jackson/core/jackson-databind/2.9.8/jackson-databind-2.9.8.jar:/Users/Elena/.m2/repository/com/fasterxml/jackson/core/jackson-annotations/2.9.0/jackson-annotations-2.9.0.jar:/Users/Elena/.m2/repository/com/fasterxml/jackson/core/jackson-core/2.9.8/jackson-core-2.9.8.jar:/Users/Elena/.m2/repository/org/apache/tika/tika-core/1.20/tika-core-1.20.jar:/Users/Elena/.m2/repository/org/jooq/joor-java-8/0.9.10/joor-java-8-0.9.10.jar:/Users/Elena/.m2/repository/org/slf4j/slf4j-simple/1.7.30/slf4j-simple-1.7.30.jar:/Users/Elena/.m2/repository/org/slf4j/slf4j-api/1.7.30/slf4j-api-1.7.30.jar:"/>
    <property name="allure.results.directory" value="target/allure-results"/>
    <property name="sun.cpu.endian" value="little"/>
    <property name="user.home" value="/Users/Elena"/>
    <property name="user.language" value="en"/>
    <property name="testcases" value="./cc.csv"/>
    <property name="java.specification.vendor" value="Oracle Corporation"/>
    <property name="java.home" value="/Library/Java/JavaVirtualMachines/jdk1.8.0_241.jdk/Contents/Home/jre"/>
    <property name="basedir" value="/Users/Elena/Workspace/HW_37"/>
    <property name="file.separator" value="/"/>
    <property name="line.separator" value="&#10;"/>
    <property name="java.vm.specification.vendor" value="Oracle Corporation"/>
    <property name="java.specification.name" value="Java Platform API Specification"/>
    <property name="java.awt.graphicsenv" value="sun.awt.CGraphicsEnvironment"/>
    <property name="surefire.real.class.path" value="/Users/Elena/Workspace/HW_37/target/surefire/surefirebooter7764056088324249017.jar:/Users/Elena/.m2/repository/org/aspectj/aspectjweaver/1.9.5/aspectjweaver-1.9.5.jar"/>
    <property name="sun.boot.class.path" value="/Library/Java/JavaVirtualMachines/jdk1.8.0_241.jdk/Contents/Home/jre/lib/resources.jar:/Library/Java/JavaVirtualMachines/jdk1.8.0_241.jdk/Contents/Home/jre/lib/rt.jar:/Library/Java/JavaVirtualMachines/jdk1.8.0_241.jdk/Contents/Home/jre/lib/sunrsasign.jar:/Library/Java/JavaVirtualMachines/jdk1.8.0_241.jdk/Contents/Home/jre/lib/jsse.jar:/Library/Java/JavaVirtualMachines/jdk1.8.0_241.jdk/Contents/Home/jre/lib/jce.jar:/Library/Java/JavaVirtualMachines/jdk1.8.0_241.jdk/Contents/Home/jre/lib/charsets.jar:/Library/Java/JavaVirtualMachines/jdk1.8.0_241.jdk/Contents/Home/jre/lib/jfr.jar:/Library/Java/JavaVirtualMachines/jdk1.8.0_241.jdk/Contents/Home/jre/classes"/>
    <property name="sun.management.compiler" value="HotSpot 64-Bit Tiered Compilers"/>
    <property name="ftp.nonProxyHosts" value="local|*.local|169.254/16|*.169.254/16"/>
    <property name="java.runtime.version" value="1.8.0_241-b07"/>
    <property name="user.name" value="Elena"/>
    <property name="path.separator" value=":"/>
    <property name="os.version" value="10.15.4"/>
    <property name="java.endorsed.dirs" value="/Library/Java/JavaVirtualMachines/jdk1.8.0_241.jdk/Contents/Home/jre/lib/endorsed"/>
    <property name="java.runtime.name" value="Java(TM) SE Runtime Environment"/>
    <property name="file.encoding" value="UTF-8"/>
    <property name="java.vm.name" value="Java HotSpot(TM) 64-Bit Server VM"/>
    <property name="localRepository" value="/Users/Elena/.m2/repository"/>
    <property name="java.vendor.url.bug" value="http://bugreport.sun.com/bugreport/"/>
    <property name="java.io.tmpdir" value="/var/folders/r9/qj6fhc7n54q3gqtw4j36vz840000gn/T/"/>
    <property name="java.version" value="1.8.0_241"/>
    <property name="user.dir" value="/Users/Elena/Workspace/HW_37"/>
    <property name="os.arch" value="x86_64"/>
    <property name="java.vm.specification.name" value="Java Virtual Machine Specification"/>
    <property name="java.awt.printerjob" value="sun.lwawt.macosx.CPrinterJob"/>
    <property name="sun.os.patch.level" value="unknown"/>
    <property name="java.library.path" value="/Users/Elena/Library/Java/Extensions:/Library/Java/Extensions:/Network/Library/Java/Extensions:/System/Library/Java/Extensions:/usr/lib/java:."/>
    <property name="java.vm.info" value="mixed mode"/>
    <property name="java.vendor" value="Oracle Corporation"/>
    <property name="java.vm.version" value="25.241-b07"/>
    <property name="java.ext.dirs" value="/Users/Elena/Library/Java/Extensions:/Library/Java/JavaVirtualMachines/jdk1.8.0_241.jdk/Contents/Home/jre/lib/ext:/Library/Java/Extensions:/Network/Library/Java/Extensions:/System/Library/Java/Extensions:/usr/lib/java"/>
    <property name="sun.io.unicode.encoding" value="UnicodeBig"/>
    <property name="java.class.version" value="52.0"/>
    <property name="socksNonProxyHosts" value="local|*.local|169.254/16|*.169.254/16"/>
  </properties>
  <testcase name="cvv" classname="core.CreditCardValidationTest" time="0.144"/>
  <testcase name="cvv" classname="core.CreditCardValidationTest" time="0.004"/>
  <testcase name="cvv" classname="core.CreditCardValidationTest" time="0.004"/>
  <testcase name="cvv" classname="core.CreditCardValidationTest" time="0.003"/>
  <testcase name="cvv" classname="core.CreditCardValidationTest" time="0.004"/>
  <testcase name="cvv" classname="core.CreditCardValidationTest" time="0.003"/>
  <testcase name="cvv" classname="core.CreditCardValidationTest" time="0.005"/>
  <testcase name="cvv" classname="core.CreditCardValidationTest" time="0.004"/>
  <testcase name="cvv" classname="core.CreditCardValidationTest" time="0.003"/>
  <testcase name="cvv" classname="core.CreditCardValidationTest" time="0.004"/>
  <testcase name="cvv" classname="core.CreditCardValidationTest" time="0.006"/>
  <testcase name="cvv" classname="core.CreditCardValidationTest" time="0.003"/>
  <testcase name="cvv" classname="core.CreditCardValidationTest" time="0.003"/>
  <testcase name="cvv" classname="core.CreditCardValidationTest" time="0.003"/>
  <testcase name="cvv" classname="core.CreditCardValidationTest" time="0.003"/>
  <testcase name="cvv" classname="core.CreditCardValidationTest" time="0.004"/>
  <testcase name="cvv" classname="core.CreditCardValidationTest" time="0.006"/>
  <testcase name="cvv" classname="core.CreditCardValidationTest" time="0.002"/>
  <testcase name="cvv" classname="core.CreditCardValidationTest" time="0.003"/>
  <testcase name="cvv" classname="core.CreditCardValidationTest" time="0.003"/>
  <testcase name="exp" classname="core.CreditCardValidationTest" time="0.003"/>
  <testcase name="exp" classname="core.CreditCardValidationTest" time="0.002"/>
  <testcase name="exp" classname="core.CreditCardValidationTest" time="0.002"/>
  <testcase name="exp" classname="core.CreditCardValidationTest" time="0.005"/>
  <testcase name="exp" classname="core.CreditCardValidationTest" time="0.004"/>
  <testcase name="exp" classname="core.CreditCardValidationTest" time="0.003"/>
  <testcase name="exp" classname="core.CreditCardValidationTest" time="0.003"/>
  <testcase name="exp" classname="core.CreditCardValidationTest" time="0.003"/>
  <testcase name="exp" classname="core.CreditCardValidationTest" time="0.004"/>
  <testcase name="exp" classname="core.CreditCardValidationTest" time="0.005"/>
  <testcase name="exp" classname="core.CreditCardValidationTest" time="0.003"/>
  <testcase name="exp" classname="core.CreditCardValidationTest" time="0.002"/>
  <testcase name="exp" classname="core.CreditCardValidationTest" time="0.003"/>
  <testcase name="exp" classname="core.CreditCardValidationTest" time="0.003"/>
  <testcase name="exp" classname="core.CreditCardValidationTest" time="0.002"/>
  <testcase name="exp" classname="core.CreditCardValidationTest" time="0.004"/>
  <testcase name="exp" classname="core.CreditCardValidationTest" time="0.003"/>
  <testcase name="exp" classname="core.CreditCardValidationTest" time="0.002"/>
  <testcase name="exp" classname="core.CreditCardValidationTest" time="0.002"/>
  <testcase name="exp" classname="core.CreditCardValidationTest" time="0.002"/>
  <testcase name="luhn" classname="core.CreditCardValidationTest" time="0.003"/>
  <testcase name="luhn" classname="core.CreditCardValidationTest" time="0.002"/>
  <testcase name="luhn" classname="core.CreditCardValidationTest" time="0.003"/>
  <testcase name="luhn" classname="core.CreditCardValidationTest" time="0.003"/>
  <testcase name="luhn" classname="core.CreditCardValidationTest" time="0.072">
    <failure message="&#10;Expected: Luhn of: 5584-3989-2997-3080, should be valid&#10;     but: was &lt;true&gt;" type="java.lang.AssertionError"><![CDATA[java.lang.AssertionError: 

Expected: Luhn of: 5584-3989-2997-3080, should be valid
     but: was <true>
	at core.CreditCardValidationTest.luhn(CreditCardValidationTest.java:48)
]]></failure>
  </testcase>
  <testcase name="luhn" classname="core.CreditCardValidationTest" time="0.003"/>
  <testcase name="luhn" classname="core.CreditCardValidationTest" time="0.004"/>
  <testcase name="luhn" classname="core.CreditCardValidationTest" time="0.003"/>
  <testcase name="luhn" classname="core.CreditCardValidationTest" time="0.002"/>
  <testcase name="luhn" classname="core.CreditCardValidationTest" time="0.004">
    <failure message="&#10;Expected: Luhn of: 5584-3989-2997-3080, should be valid&#10;     but: was &lt;true&gt;" type="java.lang.AssertionError"><![CDATA[java.lang.AssertionError: 

Expected: Luhn of: 5584-3989-2997-3080, should be valid
     but: was <true>
	at core.CreditCardValidationTest.luhn(CreditCardValidationTest.java:48)
]]></failure>
  </testcase>
  <testcase name="luhn" classname="core.CreditCardValidationTest" time="0.002"/>
  <testcase name="luhn" classname="core.CreditCardValidationTest" time="0.002"/>
  <testcase name="luhn" classname="core.CreditCardValidationTest" time="0.003"/>
  <testcase name="luhn" classname="core.CreditCardValidationTest" time="0.003"/>
  <testcase name="luhn" classname="core.CreditCardValidationTest" time="0.003">
    <failure message="&#10;Expected: Luhn of: 5584-3989-2997-3080, should be valid&#10;     but: was &lt;true&gt;" type="java.lang.AssertionError"><![CDATA[java.lang.AssertionError: 

Expected: Luhn of: 5584-3989-2997-3080, should be valid
     but: was <true>
	at core.CreditCardValidationTest.luhn(CreditCardValidationTest.java:48)
]]></failure>
  </testcase>
  <testcase name="luhn" classname="core.CreditCardValidationTest" time="0.004"/>
  <testcase name="luhn" classname="core.CreditCardValidationTest" time="0.002"/>
  <testcase name="luhn" classname="core.CreditCardValidationTest" time="0.002"/>
  <testcase name="luhn" classname="core.CreditCardValidationTest" time="0.002"/>
  <testcase name="luhn" classname="core.CreditCardValidationTest" time="0.003">
    <failure message="&#10;Expected: Luhn of: 5584-3989-2997-3080, should be valid&#10;     but: was &lt;true&gt;" type="java.lang.AssertionError"><![CDATA[java.lang.AssertionError: 

Expected: Luhn of: 5584-3989-2997-3080, should be valid
     but: was <true>
	at core.CreditCardValidationTest.luhn(CreditCardValidationTest.java:48)
]]></failure>
  </testcase>
  <testcase name="type" classname="core.CreditCardValidationTest" time="0.002"/>
  <testcase name="type" classname="core.CreditCardValidationTest" time="0.004"/>
  <testcase name="type" classname="core.CreditCardValidationTest" time="0.004"/>
  <testcase name="type" classname="core.CreditCardValidationTest" time="0.007"/>
  <testcase name="type" classname="core.CreditCardValidationTest" time="0.002"/>
  <testcase name="type" classname="core.CreditCardValidationTest" time="0.003"/>
  <testcase name="type" classname="core.CreditCardValidationTest" time="0.002"/>
  <testcase name="type" classname="core.CreditCardValidationTest" time="0.005"/>
  <testcase name="type" classname="core.CreditCardValidationTest" time="0.002"/>
  <testcase name="type" classname="core.CreditCardValidationTest" time="0.002"/>
  <testcase name="type" classname="core.CreditCardValidationTest" time="0.002"/>
  <testcase name="type" classname="core.CreditCardValidationTest" time="0.003"/>
  <testcase name="type" classname="core.CreditCardValidationTest" time="0.004"/>
  <testcase name="type" classname="core.CreditCardValidationTest" time="0.002"/>
  <testcase name="type" classname="core.CreditCardValidationTest" time="0.002"/>
  <testcase name="type" classname="core.CreditCardValidationTest" time="0.005"/>
  <testcase name="type" classname="core.CreditCardValidationTest" time="0.002"/>
  <testcase name="type" classname="core.CreditCardValidationTest" time="0.003"/>
  <testcase name="type" classname="core.CreditCardValidationTest" time="0.003"/>
  <testcase name="type" classname="core.CreditCardValidationTest" time="0.002"/>
</testsuite>